<?xml version="1.0" encoding="UTF-8"?>
<testsuite xmlns:xsi="http://www.w3.org/2001/XMLSchema-instance" xsi:noNamespaceSchemaLocation="https://maven.apache.org/surefire/maven-surefire-plugin/xsd/surefire-test-report-3.0.xsd" version="3.0" name="com.algonquincollege.cst8277.models.EmployeeProjectsTestSuite" time="1.633" tests="15" errors="0" skipped="0" failures="0">
  <properties>
[...]
</properties>
  <testcase name="test00_OneProjectAddOneEmployee" classname="com.algonquincollege.cst8277.models.EmployeeProjectsTestSuite" time="0.017"/>
  <testcase name="test01_OneProjectOneEmployeeUpdated" classname="com.algonquincollege.cst8277.models.EmployeeProjectsTestSuite" time="0.156"/>
  <testcase name="test02_SingleProjectDeleteOneEmployee" classname="com.algonquincollege.cst8277.models.EmployeeProjectsTestSuite" time="0.032"/>
  <testcase name="test03_OneProjectAddMultipleEmployees" classname="com.algonquincollege.cst8277.models.EmployeeProjectsTestSuite" time="0.053"/>
  <testcase name="test04_OneProjectManyEmployeesUpdated" classname="com.algonquincollege.cst8277.models.EmployeeProjectsTestSuite" time="0.021"/>
  <testcase name="test05_SingleProjectDeleteOneEmployee" classname="com.algonquincollege.cst8277.models.EmployeeProjectsTestSuite" time="0.026"/>
  <testcase name="test06_SingleProjectDeleteAllEmployees" classname="com.algonquincollege.cst8277.models.EmployeeProjectsTestSuite" time="0.007"/>
  <testcase name="test07_MultipleProjectsAddMultipleEmployees" classname="com.algonquincollege.cst8277.models.EmployeeProjectsTestSuite" time="0.024"/>
  <testcase name="test08_ManyProjectsOneEmployeeUpdated" classname="com.algonquincollege.cst8277.models.EmployeeProjectsTestSuite" time="0.011"/>
  <testcase name="test09_ManyProjectsManyEmployeesUpdated" classname="com.algonquincollege.cst8277.models.EmployeeProjectsTestSuite" time="0.018"/>
  <testcase name="test10_ManyProjectsOneEmployeeRemovedFromOneProject" classname="com.algonquincollege.cst8277.models.EmployeeProjectsTestSuite" time="0.003"/>
  <testcase name="test11_MultipleEmployeesRemovedFromMultipleProjects" classname="com.algonquincollege.cst8277.models.EmployeeProjectsTestSuite" time="0.012"/>
  <testcase name="test12_CheckEmployeeHasMultipleProjects" classname="com.algonquincollege.cst8277.models.EmployeeProjectsTestSuite" time="0.017"/>
  <testcase name="test13_OneProjectUpdated" classname="com.algonquincollege.cst8277.models.EmployeeProjectsTestSuite" time="0.008"/>
  <testcase name="test14_OneProjectUpdated" classname="com.algonquincollege.cst8277.models.EmployeeProjectsTestSuite" time="0.012"/>
</testsuite>