<?xml version="1.0" encoding="UTF-8"?>
<testsuite xmlns:xsi="http://www.w3.org/2001/XMLSchema-instance" xsi:noNamespaceSchemaLocation="https://maven.apache.org/surefire/maven-surefire-plugin/xsd/surefire-test-report-3.0.xsd" version="3.0" name="com.algonquincollege.cst8277.models.EmployeePhonesTestSuite" time="1.513" tests="11" errors="0" skipped="0" failures="0">
  <properties>
[...]
</properties>
  <testcase name="test_Phone_1_create" classname="com.algonquincollege.cst8277.models.EmployeePhonesTestSuite" time="0.153"/>
  <testcase name="test_Phone_2_Read" classname="com.algonquincollege.cst8277.models.EmployeePhonesTestSuite" time="0.005"/>
  <testcase name="test_Phone_3_update" classname="com.algonquincollege.cst8277.models.EmployeePhonesTestSuite" time="0.02"/>
  <testcase name="test_Phone_4_delete" classname="com.algonquincollege.cst8277.models.EmployeePhonesTestSuite" time="0.012"/>
  <testcase name="test_Phone_5_Creating_multiple_records" classname="com.algonquincollege.cst8277.models.EmployeePhonesTestSuite" time="0.042"/>
  <testcase name="test_Phone_6_Find_All_Phones_Relate_To_Employee" classname="com.algonquincollege.cst8277.models.EmployeePhonesTestSuite" time="0.017"/>
  <testcase name="test_Phone_7_CriteriaBuilder_Find_Owner_Phones" classname="com.algonquincollege.cst8277.models.EmployeePhonesTestSuite" time="0.007"/>
  <testcase name="test_Phone_8_CriteriaBuilder_Update_Owner_Phone" classname="com.algonquincollege.cst8277.models.EmployeePhonesTestSuite" time="0.002"/>
  <testcase name="test_Phone_9_CriteriaBuilder_Delete_Owner_Phone" classname="com.algonquincollege.cst8277.models.EmployeePhonesTestSuite" time="0.003"/>
  <testcase name="test_Phone_a_CriteriaBuilder_Like_String" classname="com.algonquincollege.cst8277.models.EmployeePhonesTestSuite" time="0.007"/>
  <testcase name="test_Phone_b_CriteriaBuilder_concat_columns" classname="com.algonquincollege.cst8277.models.EmployeePhonesTestSuite" time="0.006"/>
</testsuite>